Using pre-set license
Built from '2021.3/staging' branch; Version is '2021.3.15f1 (e8e88683f834) revision 15263878'; Using compiler version '192829333'; Build Type 'Release'
OS: 'Windows 10  (10.0.19045) 64bit Professional' Language: 'es' Physical Memory: 16253 MB
BatchMode: 1, IsHumanControllingUs: 0, StartBugReporterOnCrash: 0, Is64bit: 1, IsPro: 1

COMMAND LINE ARGUMENTS:
C:\Program Files\Unity\Hub\Editor\2021.3.15f1\Editor\Unity.exe
-adb2
-batchMode
-noUpm
-name
AssetImportWorker0
-projectPath
C:/Users/WINDOWS 10/Documents/Project X/Project X
-logFile
Logs/AssetImportWorker0.log
-srvPort
59094
Successfully changed project path to: C:/Users/WINDOWS 10/Documents/Project X/Project X
C:/Users/WINDOWS 10/Documents/Project X/Project X
[UnityMemory] Configuration Parameters - Can be set up in boot.config
    "memorysetup-bucket-allocator-granularity=16"
    "memorysetup-bucket-allocator-bucket-count=8"
    "memorysetup-bucket-allocator-block-size=33554432"
    "memorysetup-bucket-allocator-block-count=8"
    "memorysetup-main-allocator-block-size=16777216"
    "memorysetup-thread-allocator-block-size=16777216"
    "memorysetup-gfx-main-allocator-block-size=16777216"
    "memorysetup-gfx-thread-allocator-block-size=16777216"
    "memorysetup-cache-allocator-block-size=4194304"
    "memorysetup-typetree-allocator-block-size=2097152"
    "memorysetup-profiler-bucket-allocator-granularity=16"
    "memorysetup-profiler-bucket-allocator-bucket-count=8"
    "memorysetup-profiler-bucket-allocator-block-size=33554432"
    "memorysetup-profiler-bucket-allocator-block-count=8"
    "memorysetup-profiler-allocator-block-size=16777216"
    "memorysetup-profiler-editor-allocator-block-size=1048576"
    "memorysetup-temp-allocator-size-main=16777216"
    "memorysetup-job-temp-allocator-block-size=2097152"
    "memorysetup-job-temp-allocator-block-size-background=1048576"
    "memorysetup-job-temp-allocator-reduction-small-platforms=262144"
    "memorysetup-temp-allocator-size-background-worker=32768"
    "memorysetup-temp-allocator-size-job-worker=262144"
    "memorysetup-temp-allocator-size-preload-manager=33554432"
    "memorysetup-temp-allocator-size-nav-mesh-worker=65536"
    "memorysetup-temp-allocator-size-audio-worker=65536"
    "memorysetup-temp-allocator-size-cloud-worker=32768"
    "memorysetup-temp-allocator-size-gi-baking-worker=262144"
    "memorysetup-temp-allocator-size-gfx=262144"
Player connection [3492] Host "[IP] 192.168.56.1 [Port] 0 [Flags] 2 [Guid] 3826718768 [EditorId] 3826718768 [Version] 1048832 [Id] WindowsEditor(7,DESKTOP-QCEBRCU) [Debug] 1 [PackageName] WindowsEditor [ProjectName] Editor" joined multi-casting on [225.0.0.222:54997]...

Player connection [3492] Host "[IP] 192.168.56.1 [Port] 0 [Flags] 2 [Guid] 3826718768 [EditorId] 3826718768 [Version] 1048832 [Id] WindowsEditor(7,DESKTOP-QCEBRCU) [Debug] 1 [PackageName] WindowsEditor [ProjectName] Editor" joined alternative multi-casting on [225.0.0.222:34997]...

Refreshing native plugins compatible for Editor in 79.46 ms, found 3 plugins.
Preloading 0 native plugins for Editor in 0.00 ms.
Initialize engine version: 2021.3.15f1 (e8e88683f834)
[Subsystems] Discovering subsystems at path C:/Program Files/Unity/Hub/Editor/2021.3.15f1/Editor/Data/Resources/UnitySubsystems
[Subsystems] Discovering subsystems at path C:/Users/WINDOWS 10/Documents/Project X/Project X/Assets
GfxDevice: creating device client; threaded=0; jobified=0
Direct3D:
    Version:  Direct3D 11.0 [level 11.1]
    Renderer: NVIDIA GeForce GT 1030 (ID=0x1d01)
    Vendor:   NVIDIA
    VRAM:     1981 MB
    Driver:   31.0.15.2756
Initialize mono
Mono path[0] = 'C:/Program Files/Unity/Hub/Editor/2021.3.15f1/Editor/Data/Managed'
Mono path[1] = 'C:/Program Files/Unity/Hub/Editor/2021.3.15f1/Editor/Data/MonoBleedingEdge/lib/mono/unityjit-win32'
Mono config path = 'C:/Program Files/Unity/Hub/Editor/2021.3.15f1/Editor/Data/MonoBleedingEdge/etc'
Using monoOptions --debugger-agent=transport=dt_socket,embedding=1,server=y,suspend=n,address=127.0.0.1:56128
Begin MonoManager ReloadAssembly
Registering precompiled unity dll's ...
Register platform support module: C:/Program Files/Unity/Hub/Editor/2021.3.15f1/Editor/Data/PlaybackEngines/WebGLSupport/UnityEditor.WebGL.Extensions.dll
Register platform support module: C:/Program Files/Unity/Hub/Editor/2021.3.15f1/Editor/Data/PlaybackEngines/AndroidPlayer/UnityEditor.Android.Extensions.dll
Register platform support module: C:/Program Files/Unity/Hub/Editor/2021.3.15f1/Editor/Data/PlaybackEngines/iOSSupport/UnityEditor.iOS.Extensions.dll
Register platform support module: C:/Program Files/Unity/Hub/Editor/2021.3.15f1/Editor/Data/PlaybackEngines/WindowsStandaloneSupport/UnityEditor.WindowsStandalone.Extensions.dll
Register platform support module: C:/Program Files/Unity/Hub/Editor/2021.3.15f1/Editor/Data/PlaybackEngines/MetroSupport/UnityEditor.UWP.Extensions.dll
Registered in 0.321840 seconds.
Native extension for UWP target not found
Native extension for WindowsStandalone target not found
[usbmuxd] Start listen thread
[usbmuxd] Listen thread started
Native extension for iOS target not found
Native extension for Android target not found
Native extension for WebGL target not found
Refreshing native plugins compatible for Editor in 82.98 ms, found 3 plugins.
Preloading 0 native plugins for Editor in 0.00 ms.
Mono: successfully reloaded assembly
- Completed reload, in  5.193 seconds
Domain Reload Profiling:
	ReloadAssembly (5193ms)
		BeginReloadAssembly (3146ms)
			ExecutionOrderSort (0ms)
			DisableScriptedObjects (0ms)
			BackupInstance (0ms)
			ReleaseScriptingObjects (0ms)
			CreateAndSetChildDomain (1ms)
		EndReloadAssembly (1416ms)
			LoadAssemblies (3160ms)
			RebuildTransferFunctionScriptingTraits (0ms)
			SetupTypeCache (948ms)
			ReleaseScriptCaches (0ms)
			RebuildScriptCaches (28ms)
			SetupLoadedEditorAssemblies (377ms)
				LogAssemblyErrors (0ms)
				InitializePlatformSupportModulesInManaged (155ms)
				SetLoadedEditorAssemblies (0ms)
				RefreshPlugins (83ms)
				BeforeProcessingInitializeOnLoad (1ms)
				ProcessInitializeOnLoadAttributes (96ms)
				ProcessInitializeOnLoadMethodAttributes (42ms)
				AfterProcessingInitializeOnLoad (0ms)
				EditorAssembliesLoaded (0ms)
			ExecutionOrderSort2 (0ms)
			AwakeInstancesAfterBackupRestoration (0ms)
Platform modules already initialized, skipping
Registering precompiled user dll's ...
Registered in 0.007036 seconds.
Begin MonoManager ReloadAssembly
Symbol file LoadedFromMemory doesn't match image C:\Users\WINDOWS 10\Documents\Project X\Project X\Library\PackageCache\com.unity.visualscripting@1.7.8\Editor\VisualScripting.Core\Dependencies\YamlDotNet\Unity.VisualScripting.YamlDotNet.dll
Symbol file LoadedFromMemory doesn't match image C:\Users\WINDOWS 10\Documents\Project X\Project X\Library\PackageCache\com.unity.visualscripting@1.7.8\Editor\VisualScripting.Core\Dependencies\DotNetZip\Unity.VisualScripting.IonicZip.dll
Native extension for UWP target not found
Native extension for WindowsStandalone target not found
Native extension for iOS target not found
Native extension for Android target not found
Native extension for WebGL target not found
Refreshing native plugins compatible for Editor in 0.49 ms, found 3 plugins.
Preloading 0 native plugins for Editor in 0.00 ms.
Mono: successfully reloaded assembly
- Completed reload, in  2.914 seconds
Domain Reload Profiling:
	ReloadAssembly (2915ms)
		BeginReloadAssembly (217ms)
			ExecutionOrderSort (0ms)
			DisableScriptedObjects (5ms)
			BackupInstance (0ms)
			ReleaseScriptingObjects (0ms)
			CreateAndSetChildDomain (129ms)
		EndReloadAssembly (2584ms)
			LoadAssemblies (537ms)
			RebuildTransferFunctionScriptingTraits (0ms)
			SetupTypeCache (737ms)
			ReleaseScriptCaches (1ms)
			RebuildScriptCaches (59ms)
			SetupLoadedEditorAssemblies (1208ms)
				LogAssemblyErrors (0ms)
				InitializePlatformSupportModulesInManaged (27ms)
				SetLoadedEditorAssemblies (0ms)
				RefreshPlugins (1ms)
				BeforeProcessingInitializeOnLoad (87ms)
				ProcessInitializeOnLoadAttributes (220ms)
				ProcessInitializeOnLoadMethodAttributes (866ms)
				AfterProcessingInitializeOnLoad (8ms)
				EditorAssembliesLoaded (0ms)
			ExecutionOrderSort2 (0ms)
			AwakeInstancesAfterBackupRestoration (5ms)
Platform modules already initialized, skipping
========================================================================
Worker process is ready to serve import requests
Launched and connected shader compiler UnityShaderCompiler.exe after 0.07 seconds
Refreshing native plugins compatible for Editor in 0.84 ms, found 3 plugins.
Preloading 0 native plugins for Editor in 0.00 ms.
Unloading 3361 Unused Serialized files (Serialized files now loaded: 0)
Unloading 27 unused Assets / (113.5 KB). Loaded Objects now: 3820.
Memory consumption went from 115.6 MB to 115.5 MB.
Total: 4.219700 ms (FindLiveObjects: 0.419300 ms CreateObjectMapping: 0.354000 ms MarkObjects: 3.311800 ms  DeleteObjects: 0.133400 ms)

AssetImportParameters requested are different than current active one (requested -> active):
  custom:video-decoder-ogg-theora: a1e56fd34408186e4bbccfd4996cb3dc -> 
  custom:container-muxer-webm: aa71ff27fc2769a1b78a27578f13a17b -> 
  custom:container-demuxer-webm: 4f35f7cbe854078d1ac9338744f61a02 -> 
  custom:video-encoder-webm-vp8: eb34c28f22e8b96e1ab97ce403110664 -> 
  custom:audio-encoder-webm-vorbis: bf7c407c2cedff20999df2af8eb42d56 -> 
  custom:framework-win-MediaFoundation: 216162199b28c13a410421893ffa2e32 -> 
  custom:container-demuxer-ogg: 62fdf1f143b41e24485cea50d1cbac27 -> 
  custom:video-decoder-webm-vp8: 9c59270c3fd7afecdb556c50c9e8de78 -> 
  custom:audio-decoder-ogg-vorbis: bf7c407c2cedff20999df2af8eb42d56 -> 
========================================================================
Received Import Request.
  Time since last request: 1329.877939 seconds.
  path: Assets/Adventure_Character
  artifactKey: Guid(92e880c886409414a89b4c506059193a) Importer(815301076,1909f56bfc062723c751e8b465ee728b)
Start importing Assets/Adventure_Character using Guid(92e880c886409414a89b4c506059193a) Importer(815301076,1909f56bfc062723c751e8b465ee728b)  -> (artifact id: 'a7f3db617c83d5727d38fde29512b826') in 0.009664 seconds 
========================================================================
Received Import Request.
  Time since last request: 12.256368 seconds.
  path: Assets/Adventure_Character/Scenes
  artifactKey: Guid(2b808985bbd1b1c43b09ca5a830b8255) Importer(815301076,1909f56bfc062723c751e8b465ee728b)
Start importing Assets/Adventure_Character/Scenes using Guid(2b808985bbd1b1c43b09ca5a830b8255) Importer(815301076,1909f56bfc062723c751e8b465ee728b)  -> (artifact id: 'b0a811726a0bd04183768b36ad54b0d3') in 0.005222 seconds 
========================================================================
Received Import Request.
  Time since last request: 1.066320 seconds.
  path: Assets/Adventure_Character/Scenes/Demo.unity
  artifactKey: Guid(c253f37c27e19ec49af7427f7e596cd5) Importer(815301076,1909f56bfc062723c751e8b465ee728b)
Start importing Assets/Adventure_Character/Scenes/Demo.unity using Guid(c253f37c27e19ec49af7427f7e596cd5) Importer(815301076,1909f56bfc062723c751e8b465ee728b)  -> (artifact id: 'ab030f6b7e46e5636b0db63819838be3') in 0.005728 seconds 
========================================================================
Received Prepare
Registering precompiled user dll's ...
Registered in 0.005472 seconds.
Begin MonoManager ReloadAssembly
Symbol file LoadedFromMemory doesn't match image C:\Users\WINDOWS 10\Documents\Project X\Project X\Library\PackageCache\com.unity.visualscripting@1.7.8\Editor\VisualScripting.Core\Dependencies\YamlDotNet\Unity.VisualScripting.YamlDotNet.dll
Symbol file LoadedFromMemory doesn't match image C:\Users\WINDOWS 10\Documents\Project X\Project X\Library\PackageCache\com.unity.visualscripting@1.7.8\Editor\VisualScripting.Core\Dependencies\DotNetZip\Unity.VisualScripting.IonicZip.dll
Native extension for UWP target not found
Native extension for WindowsStandalone target not found
Native extension for iOS target not found
Native extension for Android target not found
Native extension for WebGL target not found
Refreshing native plugins compatible for Editor in 0.55 ms, found 3 plugins.
Preloading 0 native plugins for Editor in 0.00 ms.
Mono: successfully reloaded assembly
- Completed reload, in  1.160 seconds
Domain Reload Profiling:
	ReloadAssembly (1161ms)
		BeginReloadAssembly (158ms)
			ExecutionOrderSort (0ms)
			DisableScriptedObjects (7ms)
			BackupInstance (0ms)
			ReleaseScriptingObjects (0ms)
			CreateAndSetChildDomain (46ms)
		EndReloadAssembly (890ms)
			LoadAssemblies (92ms)
			RebuildTransferFunctionScriptingTraits (0ms)
			SetupTypeCache (325ms)
			ReleaseScriptCaches (1ms)
			RebuildScriptCaches (47ms)
			SetupLoadedEditorAssemblies (380ms)
				LogAssemblyErrors (0ms)
				InitializePlatformSupportModulesInManaged (43ms)
				SetLoadedEditorAssemblies (1ms)
				RefreshPlugins (1ms)
				BeforeProcessingInitializeOnLoad (72ms)
				ProcessInitializeOnLoadAttributes (225ms)
				ProcessInitializeOnLoadMethodAttributes (31ms)
				AfterProcessingInitializeOnLoad (8ms)
				EditorAssembliesLoaded (0ms)
			ExecutionOrderSort2 (0ms)
			AwakeInstancesAfterBackupRestoration (6ms)
Platform modules already initialized, skipping
Refreshing native plugins compatible for Editor in 2.20 ms, found 3 plugins.
Preloading 0 native plugins for Editor in 0.00 ms.
Unloading 3356 Unused Serialized files (Serialized files now loaded: 0)
Unloading 20 unused Assets / (79.8 KB). Loaded Objects now: 3823.
Memory consumption went from 115.6 MB to 115.5 MB.
Total: 2.459500 ms (FindLiveObjects: 0.226600 ms CreateObjectMapping: 0.134600 ms MarkObjects: 2.018900 ms  DeleteObjects: 0.078200 ms)

AssetImportParameters requested are different than current active one (requested -> active):
  custom:video-decoder-ogg-theora: a1e56fd34408186e4bbccfd4996cb3dc -> 
  custom:container-muxer-webm: aa71ff27fc2769a1b78a27578f13a17b -> 
  custom:container-demuxer-webm: 4f35f7cbe854078d1ac9338744f61a02 -> 
  custom:video-encoder-webm-vp8: eb34c28f22e8b96e1ab97ce403110664 -> 
  custom:audio-encoder-webm-vorbis: bf7c407c2cedff20999df2af8eb42d56 -> 
  custom:framework-win-MediaFoundation: 216162199b28c13a410421893ffa2e32 -> 
  custom:container-demuxer-ogg: 62fdf1f143b41e24485cea50d1cbac27 -> 
  custom:video-decoder-webm-vp8: 9c59270c3fd7afecdb556c50c9e8de78 -> 
  custom:audio-decoder-ogg-vorbis: bf7c407c2cedff20999df2af8eb42d56 -> 
========================================================================
Received Import Request.
  Time since last request: 22.391242 seconds.
  path: Assets/Adventure_Character/Prefabs/Man_01.prefab
  artifactKey: Guid(ebc4580c7ed532b4cb07171aed640d52) Importer(815301076,1909f56bfc062723c751e8b465ee728b)
Start importing Assets/Adventure_Character/Prefabs/Man_01.prefab using Guid(ebc4580c7ed532b4cb07171aed640d52) Importer(815301076,1909f56bfc062723c751e8b465ee728b)  -> (artifact id: '878e837d509a79e1d3cd2589ea71901c') in 0.680416 seconds 
========================================================================
Received Import Request.
  Time since last request: 0.000025 seconds.
  path: Assets/Adventure_Character/Prefabs/Man_Full.prefab
  artifactKey: Guid(5358fd1db56fd5f4ebd3a9185f223155) Importer(815301076,1909f56bfc062723c751e8b465ee728b)
Start importing Assets/Adventure_Character/Prefabs/Man_Full.prefab using Guid(5358fd1db56fd5f4ebd3a9185f223155) Importer(815301076,1909f56bfc062723c751e8b465ee728b)  -> (artifact id: '9be5d251061c86ec20a3e0d953d1ad36') in 0.310005 seconds 
========================================================================
Received Import Request.
  Time since last request: 0.000039 seconds.
  path: Assets/Adventure_Character/Prefabs/Man_03.prefab
  artifactKey: Guid(da1203547328fdb41974e0b5334e799a) Importer(815301076,1909f56bfc062723c751e8b465ee728b)
Start importing Assets/Adventure_Character/Prefabs/Man_03.prefab using Guid(da1203547328fdb41974e0b5334e799a) Importer(815301076,1909f56bfc062723c751e8b465ee728b)  -> (artifact id: '6eb9a1e85bd43a9ad7fe07061ab39b9f') in 0.149080 seconds 
========================================================================
Received Prepare
Registering precompiled user dll's ...
Registered in 0.005744 seconds.
Begin MonoManager ReloadAssembly
Symbol file LoadedFromMemory doesn't match image C:\Users\WINDOWS 10\Documents\Project X\Project X\Library\PackageCache\com.unity.visualscripting@1.7.8\Editor\VisualScripting.Core\Dependencies\YamlDotNet\Unity.VisualScripting.YamlDotNet.dll
Symbol file LoadedFromMemory doesn't match image C:\Users\WINDOWS 10\Documents\Project X\Project X\Library\PackageCache\com.unity.visualscripting@1.7.8\Editor\VisualScripting.Core\Dependencies\DotNetZip\Unity.VisualScripting.IonicZip.dll
Native extension for UWP target not found
Native extension for WindowsStandalone target not found
Native extension for iOS target not found
Native extension for Android target not found
Native extension for WebGL target not found
Refreshing native plugins compatible for Editor in 0.83 ms, found 3 plugins.
Preloading 0 native plugins for Editor in 0.00 ms.
[ScriptCompilation] NOT recompiling all scripts because this is an import worker process. Reason to compile was: Define symbols changed
Mono: successfully reloaded assembly
- Completed reload, in  1.462 seconds
Domain Reload Profiling:
	ReloadAssembly (1463ms)
		BeginReloadAssembly (154ms)
			ExecutionOrderSort (0ms)
			DisableScriptedObjects (5ms)
			BackupInstance (0ms)
			ReleaseScriptingObjects (0ms)
			CreateAndSetChildDomain (52ms)
		EndReloadAssembly (1190ms)
			LoadAssemblies (86ms)
			RebuildTransferFunctionScriptingTraits (0ms)
			SetupTypeCache (347ms)
			ReleaseScriptCaches (2ms)
			RebuildScriptCaches (75ms)
			SetupLoadedEditorAssemblies (548ms)
				LogAssemblyErrors (0ms)
				InitializePlatformSupportModulesInManaged (46ms)
				SetLoadedEditorAssemblies (1ms)
				RefreshPlugins (1ms)
				BeforeProcessingInitializeOnLoad (112ms)
				ProcessInitializeOnLoadAttributes (342ms)
				ProcessInitializeOnLoadMethodAttributes (36ms)
				AfterProcessingInitializeOnLoad (10ms)
				EditorAssembliesLoaded (0ms)
			ExecutionOrderSort2 (0ms)
			AwakeInstancesAfterBackupRestoration (8ms)
Platform modules already initialized, skipping
Refreshing native plugins compatible for Editor in 2.73 ms, found 3 plugins.
Preloading 0 native plugins for Editor in 0.00 ms.
Unloading 3489 Unused Serialized files (Serialized files now loaded: 0)
Unloading 59 unused Assets / (3.4 MB). Loaded Objects now: 3929.
Memory consumption went from 143.3 MB to 139.9 MB.
Total: 4.740600 ms (FindLiveObjects: 0.306700 ms CreateObjectMapping: 0.245900 ms MarkObjects: 3.084900 ms  DeleteObjects: 1.101900 ms)

AssetImportParameters requested are different than current active one (requested -> active):
  custom:video-decoder-ogg-theora: a1e56fd34408186e4bbccfd4996cb3dc -> 
  custom:container-muxer-webm: aa71ff27fc2769a1b78a27578f13a17b -> 
  custom:container-demuxer-webm: 4f35f7cbe854078d1ac9338744f61a02 -> 
  custom:video-encoder-webm-vp8: eb34c28f22e8b96e1ab97ce403110664 -> 
  custom:audio-encoder-webm-vorbis: bf7c407c2cedff20999df2af8eb42d56 -> 
  custom:framework-win-MediaFoundation: 216162199b28c13a410421893ffa2e32 -> 
  custom:container-demuxer-ogg: 62fdf1f143b41e24485cea50d1cbac27 -> 
  custom:video-decoder-webm-vp8: 9c59270c3fd7afecdb556c50c9e8de78 -> 
  custom:audio-decoder-ogg-vorbis: bf7c407c2cedff20999df2af8eb42d56 -> 
========================================================================
Received Prepare
Registering precompiled user dll's ...
Registered in 0.004581 seconds.
Begin MonoManager ReloadAssembly
Symbol file LoadedFromMemory doesn't match image C:\Users\WINDOWS 10\Documents\Project X\Project X\Library\PackageCache\com.unity.visualscripting@1.7.8\Editor\VisualScripting.Core\Dependencies\YamlDotNet\Unity.VisualScripting.YamlDotNet.dll
Symbol file LoadedFromMemory doesn't match image C:\Users\WINDOWS 10\Documents\Project X\Project X\Library\PackageCache\com.unity.visualscripting@1.7.8\Editor\VisualScripting.Core\Dependencies\DotNetZip\Unity.VisualScripting.IonicZip.dll
Native extension for UWP target not found
Native extension for WindowsStandalone target not found
Native extension for iOS target not found
Native extension for Android target not found
Native extension for WebGL target not found
Refreshing native plugins compatible for Editor in 0.88 ms, found 3 plugins.
Preloading 0 native plugins for Editor in 0.00 ms.
[ScriptCompilation] NOT recompiling all scripts because this is an import worker process. Reason to compile was: Define symbols changed
Mono: successfully reloaded assembly
- Completed reload, in  1.733 seconds
Domain Reload Profiling:
	ReloadAssembly (1734ms)
		BeginReloadAssembly (149ms)
			ExecutionOrderSort (0ms)
			DisableScriptedObjects (7ms)
			BackupInstance (0ms)
			ReleaseScriptingObjects (0ms)
			CreateAndSetChildDomain (42ms)
		EndReloadAssembly (1467ms)
			LoadAssemblies (88ms)
			RebuildTransferFunctionScriptingTraits (0ms)
			SetupTypeCache (290ms)
			ReleaseScriptCaches (1ms)
			RebuildScriptCaches (44ms)
			SetupLoadedEditorAssemblies (944ms)
				LogAssemblyErrors (0ms)
				InitializePlatformSupportModulesInManaged (71ms)
				SetLoadedEditorAssemblies (1ms)
				RefreshPlugins (1ms)
				BeforeProcessingInitializeOnLoad (108ms)
				ProcessInitializeOnLoadAttributes (681ms)
				ProcessInitializeOnLoadMethodAttributes (65ms)
				AfterProcessingInitializeOnLoad (16ms)
				EditorAssembliesLoaded (0ms)
			ExecutionOrderSort2 (0ms)
			AwakeInstancesAfterBackupRestoration (23ms)
Platform modules already initialized, skipping
Refreshing native plugins compatible for Editor in 3.67 ms, found 3 plugins.
Preloading 0 native plugins for Editor in 0.00 ms.
Unloading 3492 Unused Serialized files (Serialized files now loaded: 0)
Unloading 59 unused Assets / (3.4 MB). Loaded Objects now: 3935.
Memory consumption went from 143.4 MB to 140.1 MB.
Total: 7.977600 ms (FindLiveObjects: 0.492300 ms CreateObjectMapping: 0.947600 ms MarkObjects: 5.042200 ms  DeleteObjects: 1.494600 ms)

AssetImportParameters requested are different than current active one (requested -> active):
  custom:video-decoder-ogg-theora: a1e56fd34408186e4bbccfd4996cb3dc -> 
  custom:container-muxer-webm: aa71ff27fc2769a1b78a27578f13a17b -> 
  custom:container-demuxer-webm: 4f35f7cbe854078d1ac9338744f61a02 -> 
  custom:video-encoder-webm-vp8: eb34c28f22e8b96e1ab97ce403110664 -> 
  custom:audio-encoder-webm-vorbis: bf7c407c2cedff20999df2af8eb42d56 -> 
  custom:framework-win-MediaFoundation: 216162199b28c13a410421893ffa2e32 -> 
  custom:container-demuxer-ogg: 62fdf1f143b41e24485cea50d1cbac27 -> 
  custom:video-decoder-webm-vp8: 9c59270c3fd7afecdb556c50c9e8de78 -> 
  custom:audio-decoder-ogg-vorbis: bf7c407c2cedff20999df2af8eb42d56 -> 
========================================================================
Received Import Request.
  Time since last request: 359.648576 seconds.
  path: Assets/TheTalesFactory
  artifactKey: Guid(e36b06dd40e4dac4bb809ae80c0b1374) Importer(815301076,1909f56bfc062723c751e8b465ee728b)
Start importing Assets/TheTalesFactory using Guid(e36b06dd40e4dac4bb809ae80c0b1374) Importer(815301076,1909f56bfc062723c751e8b465ee728b)  -> (artifact id: 'ad327a771f95a806d9791c07f9899e7f') in 0.008670 seconds 
========================================================================
Received Import Request.
  Time since last request: 1.357042 seconds.
  path: Assets/TheTalesFactory/Photoscanned MoutainsRocks PBR
  artifactKey: Guid(57496e275ffd5a745879816972237103) Importer(815301076,1909f56bfc062723c751e8b465ee728b)
Start importing Assets/TheTalesFactory/Photoscanned MoutainsRocks PBR using Guid(57496e275ffd5a745879816972237103) Importer(815301076,1909f56bfc062723c751e8b465ee728b)  -> (artifact id: 'b8a19c6869de545c1a08f29028294483') in 0.006135 seconds 
========================================================================
Received Import Request.
  Time since last request: 0.087867 seconds.
  path: Assets/TheTalesFactory/Photoscanned MoutainsRocks PBR/MountainRocks01.FBX
  artifactKey: Guid(ee166cf2784e2814999b85fba5500431) Importer(815301076,1909f56bfc062723c751e8b465ee728b)
Start importing Assets/TheTalesFactory/Photoscanned MoutainsRocks PBR/MountainRocks01.FBX using Guid(ee166cf2784e2814999b85fba5500431) Importer(815301076,1909f56bfc062723c751e8b465ee728b)  -> (artifact id: 'dc9998c234dfb092af028da204b1fd66') in 0.455178 seconds 
========================================================================
Received Import Request.
  Time since last request: 0.000031 seconds.
  path: Assets/TheTalesFactory/Photoscanned MoutainsRocks PBR/MountainRocks01_B.FBX
  artifactKey: Guid(f1af48fa8835e774ba5c61c87a1bab08) Importer(815301076,1909f56bfc062723c751e8b465ee728b)
Start importing Assets/TheTalesFactory/Photoscanned MoutainsRocks PBR/MountainRocks01_B.FBX using Guid(f1af48fa8835e774ba5c61c87a1bab08) Importer(815301076,1909f56bfc062723c751e8b465ee728b)  -> (artifact id: 'b3f9c2fac693f030540b792e2e7f9925') in 0.175843 seconds 
========================================================================
Received Import Request.
  Time since last request: 0.000027 seconds.
  path: Assets/TheTalesFactory/Photoscanned MoutainsRocks PBR/MountainRocks01_C.FBX
  artifactKey: Guid(308f055afb4aa1a418277f5c3d4a8073) Importer(815301076,1909f56bfc062723c751e8b465ee728b)
Start importing Assets/TheTalesFactory/Photoscanned MoutainsRocks PBR/MountainRocks01_C.FBX using Guid(308f055afb4aa1a418277f5c3d4a8073) Importer(815301076,1909f56bfc062723c751e8b465ee728b)  -> (artifact id: '0723104e8483096a28cedad9484aac4a') in 0.080888 seconds 
========================================================================
Received Import Request.
  Time since last request: 0.000026 seconds.
  path: Assets/TheTalesFactory/Photoscanned MoutainsRocks PBR/MountainsRocks03.FBX
  artifactKey: Guid(741f96502db525040bf3b8d7c17b91ad) Importer(815301076,1909f56bfc062723c751e8b465ee728b)
Start importing Assets/TheTalesFactory/Photoscanned MoutainsRocks PBR/MountainsRocks03.FBX using Guid(741f96502db525040bf3b8d7c17b91ad) Importer(815301076,1909f56bfc062723c751e8b465ee728b)  -> (artifact id: '8f4f9acac3c9b8df2a4ae336fb6d9901') in 0.132053 seconds 
========================================================================
Received Import Request.
  Time since last request: 2.299701 seconds.
  path: Assets/TheTalesFactory/Photoscanned MoutainsRocks PBR/DemoScene
  artifactKey: Guid(738dea783e781c047843f1753c01e94a) Importer(815301076,1909f56bfc062723c751e8b465ee728b)
Start importing Assets/TheTalesFactory/Photoscanned MoutainsRocks PBR/DemoScene using Guid(738dea783e781c047843f1753c01e94a) Importer(815301076,1909f56bfc062723c751e8b465ee728b)  -> (artifact id: '3ec5d804039aa62a83ce1d717efe03d4') in 0.007156 seconds 
========================================================================
Received Import Request.
  Time since last request: 0.055810 seconds.
  path: Assets/TheTalesFactory/Photoscanned MoutainsRocks PBR/DemoScene/Layer01.terrainlayer
  artifactKey: Guid(9f96b34098be68045aa2896ae2985c5e) Importer(815301076,1909f56bfc062723c751e8b465ee728b)
Start importing Assets/TheTalesFactory/Photoscanned MoutainsRocks PBR/DemoScene/Layer01.terrainlayer using Guid(9f96b34098be68045aa2896ae2985c5e) Importer(815301076,1909f56bfc062723c751e8b465ee728b)  -> (artifact id: '70e07b927b17b248f939c1257f286cda') in 0.027884 seconds 
========================================================================
Received Import Request.
  Time since last request: 0.000017 seconds.
  path: Assets/TheTalesFactory/Photoscanned MoutainsRocks PBR/DemoScene/Post-processing Profile.asset
  artifactKey: Guid(874d6b50a3d53104dac6b9d18567d2fb) Importer(815301076,1909f56bfc062723c751e8b465ee728b)
Start importing Assets/TheTalesFactory/Photoscanned MoutainsRocks PBR/DemoScene/Post-processing Profile.asset using Guid(874d6b50a3d53104dac6b9d18567d2fb) Importer(815301076,1909f56bfc062723c751e8b465ee728b)  -> (artifact id: '3187c4bd8c4e61c499e579e7b242a55e') in 0.018598 seconds 
========================================================================
Received Import Request.
  Time since last request: 0.000016 seconds.
  path: Assets/TheTalesFactory/Photoscanned MoutainsRocks PBR/DemoScene/Layer04.terrainlayer
  artifactKey: Guid(38a546bf5d85c304c99211284c666f9b) Importer(815301076,1909f56bfc062723c751e8b465ee728b)
Start importing Assets/TheTalesFactory/Photoscanned MoutainsRocks PBR/DemoScene/Layer04.terrainlayer using Guid(38a546bf5d85c304c99211284c666f9b) Importer(815301076,1909f56bfc062723c751e8b465ee728b)  -> (artifact id: '5dea71cd6b9ea7c054766678471885da') in 0.010101 seconds 
========================================================================
Received Import Request.
  Time since last request: 0.000017 seconds.
  path: Assets/TheTalesFactory/Photoscanned MoutainsRocks PBR/DemoScene/Layer03.terrainlayer
  artifactKey: Guid(719c01caa55f749428529183c4c03acb) Importer(815301076,1909f56bfc062723c751e8b465ee728b)
Start importing Assets/TheTalesFactory/Photoscanned MoutainsRocks PBR/DemoScene/Layer03.terrainlayer using Guid(719c01caa55f749428529183c4c03acb) Importer(815301076,1909f56bfc062723c751e8b465ee728b)  -> (artifact id: 'b4d9efa26b23c1c29ee886474923e9ad') in 0.009926 seconds 
========================================================================
Received Import Request.
  Time since last request: 5.889496 seconds.
  path: Assets/TheTalesFactory/Photoscanned MoutainsRocks PBR/DemoScene/DemoScene.unity
  artifactKey: Guid(f1b7736cbf72c8146a3663b026f58d6d) Importer(815301076,1909f56bfc062723c751e8b465ee728b)
Start importing Assets/TheTalesFactory/Photoscanned MoutainsRocks PBR/DemoScene/DemoScene.unity using Guid(f1b7736cbf72c8146a3663b026f58d6d) Importer(815301076,1909f56bfc062723c751e8b465ee728b)  -> (artifact id: '28f33969b0a538b1b54535d03d2d13aa') in 0.004677 seconds 
========================================================================
Received Import Request.
  Time since last request: 0.722889 seconds.
  path: Assets/TheTalesFactory/Photoscanned MoutainsRocks PBR/DemoScene/DemoScene02.unity
  artifactKey: Guid(958481c13c9cb8e459eeb50771f4e895) Importer(815301076,1909f56bfc062723c751e8b465ee728b)
Start importing Assets/TheTalesFactory/Photoscanned MoutainsRocks PBR/DemoScene/DemoScene02.unity using Guid(958481c13c9cb8e459eeb50771f4e895) Importer(815301076,1909f56bfc062723c751e8b465ee728b)  -> (artifact id: 'e7f04dba7070ae34ac154f64c3c32f4e') in 0.005112 seconds 
========================================================================
Received Prepare
Registering precompiled user dll's ...
Registered in 0.004246 seconds.
Begin MonoManager ReloadAssembly
Symbol file LoadedFromMemory doesn't match image C:\Users\WINDOWS 10\Documents\Project X\Project X\Library\PackageCache\com.unity.visualscripting@1.7.8\Editor\VisualScripting.Core\Dependencies\YamlDotNet\Unity.VisualScripting.YamlDotNet.dll
Symbol file LoadedFromMemory doesn't match image C:\Users\WINDOWS 10\Documents\Project X\Project X\Library\PackageCache\com.unity.visualscripting@1.7.8\Editor\VisualScripting.Core\Dependencies\DotNetZip\Unity.VisualScripting.IonicZip.dll
Native extension for UWP target not found
Native extension for WindowsStandalone target not found
Native extension for iOS target not found
Native extension for Android target not found
Native extension for WebGL target not found
Refreshing native plugins compatible for Editor in 0.57 ms, found 3 plugins.
Preloading 0 native plugins for Editor in 0.00 ms.
[ScriptCompilation] NOT recompiling all scripts because this is an import worker process. Reason to compile was: Define symbols changed
Mono: successfully reloaded assembly
- Completed reload, in  1.117 seconds
Domain Reload Profiling:
	ReloadAssembly (1118ms)
		BeginReloadAssembly (125ms)
			ExecutionOrderSort (0ms)
			DisableScriptedObjects (4ms)
			BackupInstance (0ms)
			ReleaseScriptingObjects (0ms)
			CreateAndSetChildDomain (36ms)
		EndReloadAssembly (873ms)
			LoadAssemblies (86ms)
			RebuildTransferFunctionScriptingTraits (0ms)
			SetupTypeCache (353ms)
			ReleaseScriptCaches (1ms)
			RebuildScriptCaches (41ms)
			SetupLoadedEditorAssemblies (337ms)
				LogAssemblyErrors (0ms)
				InitializePlatformSupportModulesInManaged (33ms)
				SetLoadedEditorAssemblies (0ms)
				RefreshPlugins (1ms)
				BeforeProcessingInitializeOnLoad (66ms)
				ProcessInitializeOnLoadAttributes (200ms)
				ProcessInitializeOnLoadMethodAttributes (27ms)
				AfterProcessingInitializeOnLoad (10ms)
				EditorAssembliesLoaded (0ms)
			ExecutionOrderSort2 (0ms)
			AwakeInstancesAfterBackupRestoration (6ms)
Platform modules already initialized, skipping
Refreshing native plugins compatible for Editor in 1.57 ms, found 3 plugins.
Preloading 0 native plugins for Editor in 0.00 ms.
Unloading 3489 Unused Serialized files (Serialized files now loaded: 0)
Unloading 60 unused Assets / (3.4 MB). Loaded Objects now: 3944.
Memory consumption went from 143.6 MB to 140.3 MB.
Total: 3.663100 ms (FindLiveObjects: 0.242500 ms CreateObjectMapping: 0.250800 ms MarkObjects: 2.248800 ms  DeleteObjects: 0.920000 ms)

AssetImportParameters requested are different than current active one (requested -> active):
  custom:video-decoder-ogg-theora: a1e56fd34408186e4bbccfd4996cb3dc -> 
  custom:container-muxer-webm: aa71ff27fc2769a1b78a27578f13a17b -> 
  custom:container-demuxer-webm: 4f35f7cbe854078d1ac9338744f61a02 -> 
  custom:video-encoder-webm-vp8: eb34c28f22e8b96e1ab97ce403110664 -> 
  custom:audio-encoder-webm-vorbis: bf7c407c2cedff20999df2af8eb42d56 -> 
  custom:framework-win-MediaFoundation: 216162199b28c13a410421893ffa2e32 -> 
  custom:container-demuxer-ogg: 62fdf1f143b41e24485cea50d1cbac27 -> 
  custom:video-decoder-webm-vp8: 9c59270c3fd7afecdb556c50c9e8de78 -> 
  custom:audio-decoder-ogg-vorbis: bf7c407c2cedff20999df2af8eb42d56 -> 
========================================================================
Received Import Request.
  Time since last request: 49.133883 seconds.
  path: Assets/Adventure_Character/Prefabs
  artifactKey: Guid(a4767ed5cb0999f44999893699fafe99) Importer(815301076,1909f56bfc062723c751e8b465ee728b)
Start importing Assets/Adventure_Character/Prefabs using Guid(a4767ed5cb0999f44999893699fafe99) Importer(815301076,1909f56bfc062723c751e8b465ee728b)  -> (artifact id: '352ec3d541609af434483a51c0017c65') in 0.011191 seconds 
========================================================================
Received Import Request.
  Time since last request: 9.762870 seconds.
  path: Assets/Adventure_Character/Materials/Man_Body.mat
  artifactKey: Guid(215fc7c8e2d87c8438088b27a1600878) Importer(815301076,1909f56bfc062723c751e8b465ee728b)
Start importing Assets/Adventure_Character/Materials/Man_Body.mat using Guid(215fc7c8e2d87c8438088b27a1600878) Importer(815301076,1909f56bfc062723c751e8b465ee728b)  -> (artifact id: 'f549c09299611ae7556a6a10b725f99e') in 0.235166 seconds 
========================================================================
Received Import Request.
  Time since last request: 0.000024 seconds.
  path: Assets/Adventure_Character/Materials/Man_Cloth_Up_02.mat
  artifactKey: Guid(1fa5b2a9d37f61244aefcdac8092f401) Importer(815301076,1909f56bfc062723c751e8b465ee728b)
Start importing Assets/Adventure_Character/Materials/Man_Cloth_Up_02.mat using Guid(1fa5b2a9d37f61244aefcdac8092f401) Importer(815301076,1909f56bfc062723c751e8b465ee728b)  -> (artifact id: 'c479e0033be17d5e7e42703a6b5b4453') in 0.084915 seconds 
========================================================================
Received Import Request.
  Time since last request: 0.000030 seconds.
  path: Assets/Adventure_Character/Materials/Man_Cloth_Down_02.mat
  artifactKey: Guid(bad921bf5cea1f04687b3f7577ac9d34) Importer(815301076,1909f56bfc062723c751e8b465ee728b)
Start importing Assets/Adventure_Character/Materials/Man_Cloth_Down_02.mat using Guid(bad921bf5cea1f04687b3f7577ac9d34) Importer(815301076,1909f56bfc062723c751e8b465ee728b)  -> (artifact id: '8b296e7ab3fb67765e304aee55037613') in 0.082231 seconds 
========================================================================
Received Import Request.
  Time since last request: 0.000017 seconds.
  path: Assets/Adventure_Character/Materials/Man_Cloth_Up_01.mat
  artifactKey: Guid(b2388b7cee621b040a376272b202b6bf) Importer(815301076,1909f56bfc062723c751e8b465ee728b)
Start importing Assets/Adventure_Character/Materials/Man_Cloth_Up_01.mat using Guid(b2388b7cee621b040a376272b202b6bf) Importer(815301076,1909f56bfc062723c751e8b465ee728b)  -> (artifact id: '1e97e683bc21c16c1c04cddd9cfe5f68') in 0.063580 seconds 
========================================================================
Received Import Request.
  Time since last request: 0.046752 seconds.
  path: Assets/Adventure_Character/Mesh/Man_Mesh.FBX
  artifactKey: Guid(b8a7488d12adc39498433d60811eab1a) Importer(815301076,1909f56bfc062723c751e8b465ee728b)
Start importing Assets/Adventure_Character/Mesh/Man_Mesh.FBX using Guid(b8a7488d12adc39498433d60811eab1a) Importer(815301076,1909f56bfc062723c751e8b465ee728b)  -> (artifact id: '42e40a55dbb2a7cbf2b349d8b7016344') in 0.352010 seconds 
========================================================================
Received Import Request.
  Time since last request: 8.584719 seconds.
  path: Assets/Adventure_Character/Textures/Man_Body_Albedo.tga
  artifactKey: Guid(14a564f7fa4e12844919f637dc3c17ce) Importer(815301076,1909f56bfc062723c751e8b465ee728b)
Start importing Assets/Adventure_Character/Textures/Man_Body_Albedo.tga using Guid(14a564f7fa4e12844919f637dc3c17ce) Importer(815301076,1909f56bfc062723c751e8b465ee728b)  -> (artifact id: '6f7ee5e855b0146ffabd5310f537a1ba') in 0.143994 seconds 
========================================================================
Received Import Request.
  Time since last request: 0.000018 seconds.
  path: Assets/Adventure_Character/Textures/Man_Cloth_Up_Metallic.tga
  artifactKey: Guid(7fa7c458a909d1f41b606a06bbf8987f) Importer(815301076,1909f56bfc062723c751e8b465ee728b)
Start importing Assets/Adventure_Character/Textures/Man_Cloth_Up_Metallic.tga using Guid(7fa7c458a909d1f41b606a06bbf8987f) Importer(815301076,1909f56bfc062723c751e8b465ee728b)  -> (artifact id: '6b4e27402c86fcad076d65b96bce56ae') in 0.035111 seconds 
========================================================================
Received Import Request.
  Time since last request: 0.000034 seconds.
  path: Assets/Adventure_Character/Textures/Man_Cloth_Down_Albedo_03.tga
  artifactKey: Guid(71aeb812376f4044b868498af0c5a09e) Importer(815301076,1909f56bfc062723c751e8b465ee728b)
Start importing Assets/Adventure_Character/Textures/Man_Cloth_Down_Albedo_03.tga using Guid(71aeb812376f4044b868498af0c5a09e) Importer(815301076,1909f56bfc062723c751e8b465ee728b)  -> (artifact id: '58b2c51cf32d57f046756b0e1e785e52') in 0.019184 seconds 
========================================================================
Received Import Request.
  Time since last request: 0.000024 seconds.
  path: Assets/Adventure_Character/Textures/Man_Cloth_Down_Albedo_01.tga
  artifactKey: Guid(cf214826ff270a248b58074124311876) Importer(815301076,1909f56bfc062723c751e8b465ee728b)
Start importing Assets/Adventure_Character/Textures/Man_Cloth_Down_Albedo_01.tga using Guid(cf214826ff270a248b58074124311876) Importer(815301076,1909f56bfc062723c751e8b465ee728b)  -> (artifact id: '86ee95b144a7f98a87326abc89ad59e0') in 0.027025 seconds 
========================================================================
Received Import Request.
  Time since last request: 0.000023 seconds.
  path: Assets/Adventure_Character/Textures/Man_Cloth_Up_Albedo_03.tga
  artifactKey: Guid(af9d8bdb5bff58c449c7fa4f414869f3) Importer(815301076,1909f56bfc062723c751e8b465ee728b)
Start importing Assets/Adventure_Character/Textures/Man_Cloth_Up_Albedo_03.tga using Guid(af9d8bdb5bff58c449c7fa4f414869f3) Importer(815301076,1909f56bfc062723c751e8b465ee728b)  -> (artifact id: '3cceaf901f07b2f8dba635209b4f2a93') in 0.025940 seconds 
========================================================================
Received Import Request.
  Time since last request: 0.000019 seconds.
  path: Assets/Adventure_Character/Textures/Man_Cloth_Up_Ao.tga
  artifactKey: Guid(eded4b4cdcba5c444b98bc1734e3f36b) Importer(815301076,1909f56bfc062723c751e8b465ee728b)
Start importing Assets/Adventure_Character/Textures/Man_Cloth_Up_Ao.tga using Guid(eded4b4cdcba5c444b98bc1734e3f36b) Importer(815301076,1909f56bfc062723c751e8b465ee728b)  -> (artifact id: '4b2bdb9e64772a6c786478f1255967e6') in 0.018968 seconds 
========================================================================
Received Import Request.
  Time since last request: 0.000034 seconds.
  path: Assets/Adventure_Character/Textures/Man_Cloth_Down_Metallic.tga
  artifactKey: Guid(fbb02d1059395f94ca8cdb1d9cc8b9d3) Importer(815301076,1909f56bfc062723c751e8b465ee728b)
Start importing Assets/Adventure_Character/Textures/Man_Cloth_Down_Metallic.tga using Guid(fbb02d1059395f94ca8cdb1d9cc8b9d3) Importer(815301076,1909f56bfc062723c751e8b465ee728b)  -> (artifact id: 'b1d79938656f56ef4eb15f4b024d113e') in 0.036282 seconds 
========================================================================
Received Import Request.
  Time since last request: 0.000020 seconds.
  path: Assets/Adventure_Character/Textures/Man_Cloth_Down_Normals.tga
  artifactKey: Guid(f2e1f6178c8683c4ba8c0a575ab45e0f) Importer(815301076,1909f56bfc062723c751e8b465ee728b)
Start importing Assets/Adventure_Character/Textures/Man_Cloth_Down_Normals.tga using Guid(f2e1f6178c8683c4ba8c0a575ab45e0f) Importer(815301076,1909f56bfc062723c751e8b465ee728b)  -> (artifact id: 'ac226d9bca6826cdb4571417072277a7') in 0.038207 seconds 
========================================================================
Received Import Request.
  Time since last request: 82.589022 seconds.
  path: Assets/Adventure_Character/Mesh/Man_Mesh.FBX
  artifactKey: Guid(b8a7488d12adc39498433d60811eab1a) Importer(815301076,1909f56bfc062723c751e8b465ee728b)
Start importing Assets/Adventure_Character/Mesh/Man_Mesh.FBX using Guid(b8a7488d12adc39498433d60811eab1a) Importer(815301076,1909f56bfc062723c751e8b465ee728b)  -> (artifact id: '3d2f2b4602086dbc3a84321cbb03e58e') in 0.196600 seconds 
========================================================================
Received Import Request.
  Time since last request: 4.432854 seconds.
  path: Assets/Adventure_Character/Mesh/Man_Mesh 1.FBX
  artifactKey: Guid(80cc2f10f215aed468158fdcfe16659b) Importer(815301076,1909f56bfc062723c751e8b465ee728b)
Start importing Assets/Adventure_Character/Mesh/Man_Mesh 1.FBX using Guid(80cc2f10f215aed468158fdcfe16659b) Importer(815301076,1909f56bfc062723c751e8b465ee728b)  -> (artifact id: '4a32c4f296aeac8fd98b400f962b92fc') in 0.187381 seconds 
========================================================================
Received Import Request.
  Time since last request: 43.797410 seconds.
  path: Assets/Adventure_Character/Textures
  artifactKey: Guid(c460b098cea61994d952cea60248bd75) Importer(815301076,1909f56bfc062723c751e8b465ee728b)
Start importing Assets/Adventure_Character/Textures using Guid(c460b098cea61994d952cea60248bd75) Importer(815301076,1909f56bfc062723c751e8b465ee728b)  -> (artifact id: 'd1d8eaa9e924ca256ef09cccf4435740') in 0.008270 seconds 
========================================================================
Received Import Request.
  Time since last request: 10.742023 seconds.
  path: Assets/Scenes
  artifactKey: Guid(6ea315d0fd7389c41b19996891e99ae3) Importer(815301076,1909f56bfc062723c751e8b465ee728b)
Start importing Assets/Scenes using Guid(6ea315d0fd7389c41b19996891e99ae3) Importer(815301076,1909f56bfc062723c751e8b465ee728b)  -> (artifact id: 'b8193726cff86800c54781cdc6d54904') in 0.012376 seconds 
========================================================================
Received Import Request.
  Time since last request: 0.690034 seconds.
  path: Assets/Scenes/SampleScene.unity
  artifactKey: Guid(9fc0d4010bbf28b4594072e72b8655ab) Importer(815301076,1909f56bfc062723c751e8b465ee728b)
Start importing Assets/Scenes/SampleScene.unity using Guid(9fc0d4010bbf28b4594072e72b8655ab) Importer(815301076,1909f56bfc062723c751e8b465ee728b)  -> (artifact id: 'e55ccaa32d8e5c1de03c07a5412c8c3c') in 0.006076 seconds 
